#
# There is insufficient memory for the Java Runtime Environment to continue.
# Native memory allocation (malloc) failed to allocate 65552 bytes for Chunk::new
# Possible reasons:
#   The system is out of physical RAM or swap space
#   In 32 bit mode, the process size limit was hit
# Possible solutions:
#   Reduce memory load on the system
#   Increase physical memory or swap space
#   Check if swap backing store is full
#   Use 64 bit Java on a 64 bit OS
#   Decrease Java heap size (-Xmx/-Xms)
#   Decrease number of Java threads
#   Decrease Java thread stack sizes (-Xss)
#   Set larger code cache with -XX:ReservedCodeCacheSize=
# This output file may be truncated or incomplete.
#
#  Out of Memory Error (allocation.cpp:390), pid=31596, tid=0x0000000000005538
#
# JRE version: OpenJDK Runtime Environment (8.0_112-b06) (build 1.8.0_112-release-b06)
# Java VM: OpenJDK 64-Bit Server VM (25.112-b06 mixed mode windows-amd64 compressed oops)
# Failed to write core dump. Minidumps are not enabled by default on client versions of Windows
#

---------------  T H R E A D  ---------------

Current thread (0x0000000018229000):  JavaThread "C2 CompilerThread1" daemon [_thread_in_native, id=21816, stack(0x0000000019990000,0x0000000019a90000)]

Stack: [0x0000000019990000,0x0000000019a90000]
[error occurred during error reporting (printing stack bounds), id 0xc0000005]

Native frames: (J=compiled Java code, j=interpreted, Vv=VM code, C=native code)


Current CompileTask:
C2: 528661 9503   !   4       java.nio.file.FileTreeWalker::next (144 bytes)


---------------  P R O C E S S  ---------------

Java Threads: ( => current thread )
  0x000000001b63a000 JavaThread "Cache update executor" [_thread_blocked, id=23788, stack(0x00000000254d0000,0x00000000255d0000)]
  0x000000001b637000 JavaThread "Stdin handler" [_thread_blocked, id=28200, stack(0x00000000253d0000,0x00000000254d0000)]
  0x000000001b636800 JavaThread "Asynchronous log dispatcher for DefaultDaemonConnection: socket connection from /127.0.0.1:51625 to /127.0.0.1:51726" [_thread_blocked, id=17212, stack(0x00000000252d0000,0x00000000253d0000)]
  0x000000001b638800 JavaThread "Daemon worker Thread 2" [_thread_in_native, id=35820, stack(0x00000000251d0000,0x00000000252d0000)]
  0x000000001b635800 JavaThread "Cancel handler" [_thread_blocked, id=32792, stack(0x00000000250d0000,0x00000000251d0000)]
  0x000000001b63b800 JavaThread "Handler for socket connection from /127.0.0.1:51625 to /127.0.0.1:51726" [_thread_in_native, id=21472, stack(0x0000000024fd0000,0x00000000250d0000)]
  0x000000001b638000 JavaThread "Daemon Thread 2" [_thread_blocked, id=13728, stack(0x0000000024ed0000,0x0000000024fd0000)]
  0x000000001e41b800 JavaThread "File lock request listener" [_thread_in_native, id=7932, stack(0x00000000201e0000,0x00000000202e0000)]
  0x000000001b039000 JavaThread "pool-1-thread-1" [_thread_blocked, id=29852, stack(0x000000001c970000,0x000000001ca70000)]
  0x000000001af62000 JavaThread "Incoming local TCP Connector on port 51625" [_thread_in_native, id=35364, stack(0x000000001bea0000,0x000000001bfa0000)]
  0x0000000019bac000 JavaThread "Service Thread" daemon [_thread_blocked, id=17900, stack(0x0000000019f90000,0x000000001a090000)]
  0x000000001827b800 JavaThread "C1 CompilerThread2" daemon [_thread_blocked, id=28188, stack(0x0000000019a90000,0x0000000019b90000)]
=>0x0000000018229000 JavaThread "C2 CompilerThread1" daemon [_thread_in_native, id=21816, stack(0x0000000019990000,0x0000000019a90000)]
  0x0000000018239800 JavaThread "C2 CompilerThread0" daemon [_thread_blocked, id=17472, stack(0x0000000019890000,0x0000000019990000)]
  0x0000000018236000 JavaThread "Attach Listener" daemon [_thread_blocked, id=26076, stack(0x0000000019790000,0x0000000019890000)]
  0x0000000018235000 JavaThread "Signal Dispatcher" daemon [_thread_blocked, id=37668, stack(0x0000000019690000,0x0000000019790000)]
  0x0000000018218800 JavaThread "Finalizer" daemon [_thread_blocked, id=13888, stack(0x00000000194a0000,0x00000000195a0000)]
  0x00000000048b1000 JavaThread "Reference Handler" daemon [_thread_blocked, id=34812, stack(0x00000000193a0000,0x00000000194a0000)]
  0x00000000047c0800 JavaThread "main" [_thread_blocked, id=30456, stack(0x00000000046c0000,0x00000000047c0000)]

Other Threads:
  0x00000000181f4800 VMThread [stack: 0x00000000192a0000,0x00000000193a0000] [id=31304]
  0x0000000019bb5800 WatcherThread [stack: 0x000000001a090000,0x000000001a190000] [id=26792]

VM state:not at safepoint (normal execution)

VM Mutex/Monitor currently owned by a thread: None

Heap:
 PSYoungGen      total 364032K, used 64472K [0x00000000e0000000, 0x00000000f8080000, 0x0000000100000000)
  eden space 351744K, 18% used [0x00000000e0000000,0x00000000e3ef63d0,0x00000000f5780000)
  from space 12288K, 0% used [0x00000000f7480000,0x00000000f7480000,0x00000000f8080000)
  to   space 20992K, 0% used [0x00000000f5780000,0x00000000f5780000,0x00000000f6c00000)
 ParOldGen       total 125952K, used 30098K [0x00000000a0000000, 0x00000000a7b00000, 0x00000000e0000000)
  object space 125952K, 23% used [0x00000000a0000000,0x00000000a1d64a68,0x00000000a7b00000)
 Metaspace       used 57513K, capacity 59570K, committed 59672K, reserved 1101824K
  class space    used 7573K, capacity 7954K, committed 7960K, reserved 1048576K

Card table byte_map: [0x0000000013c80000,0x0000000013f90000] byte_map_base: 0x0000000013780000

Marking Bits: (ParMarkBitMap*) 0x000000006a3918f0
 Begin Bits: [0x0000000014590000, 0x0000000015d90000)
 End Bits:   [0x0000000015d90000, 0x0000000017590000)

Polling page: 0x0000000002de0000

CodeCache: size=245760Kb used=27282Kb max_used=27294Kb free=218477Kb
 bounds [0x00000000048c0000, 0x0000000006390000, 0x00000000138c0000]
 total_blobs=8786 nmethods=8018 adapters=679
 compilation: enabled

Compilation events (10 events):
Event: 528.410 Thread 0x0000000018239800 nmethod 9506 0x0000000006374810 code [0x0000000006374960, 0x0000000006374b78]
Event: 528.428 Thread 0x0000000018239800 9507       4       com.google.common.collect.Interners$WeakInterner::intern (50 bytes)
Event: 528.442 Thread 0x0000000018239800 nmethod 9507 0x000000000637edd0 code [0x000000000637efa0, 0x000000000637f758]
Event: 528.453 Thread 0x0000000018239800 9508       4       sun.nio.fs.WindowsDirectoryStream$WindowsDirectoryIterator::next (5 bytes)
Event: 528.455 Thread 0x0000000018239800 nmethod 9508 0x0000000006380550 code [0x00000000063806a0, 0x00000000063808b8]
Event: 528.469 Thread 0x0000000018239800 9509       4       java.util.ArrayDeque::peek (5 bytes)
Event: 528.470 Thread 0x0000000018239800 nmethod 9509 0x0000000005063ad0 code [0x0000000005063c00, 0x0000000005063c98]
Event: 528.470 Thread 0x0000000018239800 9510       4       com.google.common.cache.LocalCache$Segment::runUnlockedCleanup (15 bytes)
Event: 528.480 Thread 0x0000000018239800 nmethod 9510 0x0000000006381650 code [0x00000000063817e0, 0x0000000006381ca8]
Event: 528.485 Thread 0x0000000018239800 9511       4       org.gradle.api.file.RelativePath::<init> (75 bytes)

GC Heap History (10 events):
Event: 18.891 GC heap before
{Heap before GC invocations=13 (full 2):
 PSYoungGen      total 186368K, used 183342K [0x00000000e0000000, 0x00000000eda80000, 0x0000000100000000)
  eden space 168960K, 99% used [0x00000000e0000000,0x00000000ea4b9878,0x00000000ea500000)
  from space 17408K, 84% used [0x00000000eb780000,0x00000000ec5d2038,0x00000000ec880000)
  to   space 18944K, 0% used [0x00000000ea500000,0x00000000ea500000,0x00000000eb780000)
 ParOldGen       total 97792K, used 25723K [0x00000000a0000000, 0x00000000a5f80000, 0x00000000e0000000)
  object space 97792K, 26% used [0x00000000a0000000,0x00000000a191ef30,0x00000000a5f80000)
 Metaspace       used 52404K, capacity 54166K, committed 54400K, reserved 1095680K
  class space    used 7122K, capacity 7524K, committed 7552K, reserved 1048576K
Event: 18.905 GC heap after
Heap after GC invocations=13 (full 2):
 PSYoungGen      total 187904K, used 13728K [0x00000000e0000000, 0x00000000f1c00000, 0x0000000100000000)
  eden space 168960K, 0% used [0x00000000e0000000,0x00000000e0000000,0x00000000ea500000)
  from space 18944K, 72% used [0x00000000ea500000,0x00000000eb268018,0x00000000eb780000)
  to   space 19456K, 0% used [0x00000000f0900000,0x00000000f0900000,0x00000000f1c00000)
 ParOldGen       total 97792K, used 25731K [0x00000000a0000000, 0x00000000a5f80000, 0x00000000e0000000)
  object space 97792K, 26% used [0x00000000a0000000,0x00000000a1920f30,0x00000000a5f80000)
 Metaspace       used 52404K, capacity 54166K, committed 54400K, reserved 1095680K
  class space    used 7122K, capacity 7524K, committed 7552K, reserved 1048576K
}
Event: 21.651 GC heap before
{Heap before GC invocations=14 (full 2):
 PSYoungGen      total 187904K, used 182688K [0x00000000e0000000, 0x00000000f1c00000, 0x0000000100000000)
  eden space 168960K, 100% used [0x00000000e0000000,0x00000000ea500000,0x00000000ea500000)
  from space 18944K, 72% used [0x00000000ea500000,0x00000000eb268018,0x00000000eb780000)
  to   space 19456K, 0% used [0x00000000f0900000,0x00000000f0900000,0x00000000f1c00000)
 ParOldGen       total 97792K, used 25731K [0x00000000a0000000, 0x00000000a5f80000, 0x00000000e0000000)
  object space 97792K, 26% used [0x00000000a0000000,0x00000000a1920f30,0x00000000a5f80000)
 Metaspace       used 53958K, capacity 55838K, committed 56064K, reserved 1097728K
  class space    used 7246K, capacity 7626K, committed 7680K, reserved 1048576K
Event: 21.673 GC heap after
Heap after GC invocations=14 (full 2):
 PSYoungGen      total 265216K, used 16174K [0x00000000e0000000, 0x00000000f1a00000, 0x0000000100000000)
  eden space 247808K, 0% used [0x00000000e0000000,0x00000000e0000000,0x00000000ef200000)
  from space 17408K, 92% used [0x00000000f0900000,0x00000000f18cb8b0,0x00000000f1a00000)
  to   space 20480K, 0% used [0x00000000ef200000,0x00000000ef200000,0x00000000f0600000)
 ParOldGen       total 97792K, used 25739K [0x00000000a0000000, 0x00000000a5f80000, 0x00000000e0000000)
  object space 97792K, 26% used [0x00000000a0000000,0x00000000a1922f30,0x00000000a5f80000)
 Metaspace       used 53958K, capacity 55838K, committed 56064K, reserved 1097728K
  class space    used 7246K, capacity 7626K, committed 7680K, reserved 1048576K
}
Event: 22.526 GC heap before
{Heap before GC invocations=15 (full 2):
 PSYoungGen      total 265216K, used 263480K [0x00000000e0000000, 0x00000000f1a00000, 0x0000000100000000)
  eden space 247808K, 99% used [0x00000000e0000000,0x00000000ef182800,0x00000000ef200000)
  from space 17408K, 92% used [0x00000000f0900000,0x00000000f18cb8b0,0x00000000f1a00000)
  to   space 20480K, 0% used [0x00000000ef200000,0x00000000ef200000,0x00000000f0600000)
 ParOldGen       total 97792K, used 25739K [0x00000000a0000000, 0x00000000a5f80000, 0x00000000e0000000)
  object space 97792K, 26% used [0x00000000a0000000,0x00000000a1922f30,0x00000000a5f80000)
 Metaspace       used 55092K, capacity 57016K, committed 57216K, reserved 1099776K
  class space    used 7404K, capacity 7801K, committed 7808K, reserved 1048576K
Event: 22.562 GC heap after
Heap after GC invocations=15 (full 2):
 PSYoungGen      total 268288K, used 4071K [0x00000000e0000000, 0x00000000f8900000, 0x0000000100000000)
  eden space 247808K, 0% used [0x00000000e0000000,0x00000000e0000000,0x00000000ef200000)
  from space 20480K, 19% used [0x00000000ef200000,0x00000000ef5f9fc0,0x00000000f0600000)
  to   space 20992K, 0% used [0x00000000f7480000,0x00000000f7480000,0x00000000f8900000)
 ParOldGen       total 97792K, used 38385K [0x00000000a0000000, 0x00000000a5f80000, 0x00000000e0000000)
  object space 97792K, 39% used [0x00000000a0000000,0x00000000a257c7e0,0x00000000a5f80000)
 Metaspace       used 55092K, capacity 57016K, committed 57216K, reserved 1099776K
  class space    used 7404K, capacity 7801K, committed 7808K, reserved 1048576K
}
Event: 524.972 GC heap before
{Heap before GC invocations=16 (full 2):
 PSYoungGen      total 268288K, used 123655K [0x00000000e0000000, 0x00000000f8900000, 0x0000000100000000)
  eden space 247808K, 48% used [0x00000000e0000000,0x00000000e74c7dd0,0x00000000ef200000)
  from space 20480K, 19% used [0x00000000ef200000,0x00000000ef5f9fc0,0x00000000f0600000)
  to   space 20992K, 0% used [0x00000000f7480000,0x00000000f7480000,0x00000000f8900000)
 ParOldGen       total 97792K, used 38385K [0x00000000a0000000, 0x00000000a5f80000, 0x00000000e0000000)
  object space 97792K, 39% used [0x00000000a0000000,0x00000000a257c7e0,0x00000000a5f80000)
 Metaspace       used 57126K, capacity 59086K, committed 59160K, reserved 1099776K
  class space    used 7570K, capacity 7948K, committed 7960K, reserved 1048576K
Event: 525.034 GC heap after
Heap after GC invocations=16 (full 2):
 PSYoungGen      total 364032K, used 4149K [0x00000000e0000000, 0x00000000f8080000, 0x0000000100000000)
  eden space 351744K, 0% used [0x00000000e0000000,0x00000000e0000000,0x00000000f5780000)
  from space 12288K, 33% used [0x00000000f7480000,0x00000000f788d7d0,0x00000000f8080000)
  to   space 20992K, 0% used [0x00000000f5780000,0x00000000f5780000,0x00000000f6c00000)
 ParOldGen       total 97792K, used 39046K [0x00000000a0000000, 0x00000000a5f80000, 0x00000000e0000000)
  object space 97792K, 39% used [0x00000000a0000000,0x00000000a2621800,0x00000000a5f80000)
 Metaspace       used 57126K, capacity 59086K, committed 59160K, reserved 1099776K
  class space    used 7570K, capacity 7948K, committed 7960K, reserved 1048576K
}
Event: 525.034 GC heap before
{Heap before GC invocations=17 (full 3):
 PSYoungGen      total 364032K, used 4149K [0x00000000e0000000, 0x00000000f8080000, 0x0000000100000000)
  eden space 351744K, 0% used [0x00000000e0000000,0x00000000e0000000,0x00000000f5780000)
  from space 12288K, 33% used [0x00000000f7480000,0x00000000f788d7d0,0x00000000f8080000)
  to   space 20992K, 0% used [0x00000000f5780000,0x00000000f5780000,0x00000000f6c00000)
 ParOldGen       total 97792K, used 39046K [0x00000000a0000000, 0x00000000a5f80000, 0x00000000e0000000)
  object space 97792K, 39% used [0x00000000a0000000,0x00000000a2621800,0x00000000a5f80000)
 Metaspace       used 57126K, capacity 59086K, committed 59160K, reserved 1099776K
  class space    used 7570K, capacity 7948K, committed 7960K, reserved 1048576K
Event: 525.380 GC heap after
Heap after GC invocations=17 (full 3):
 PSYoungGen      total 364032K, used 0K [0x00000000e0000000, 0x00000000f8080000, 0x0000000100000000)
  eden space 351744K, 0% used [0x00000000e0000000,0x00000000e0000000,0x00000000f5780000)
  from space 12288K, 0% used [0x00000000f7480000,0x00000000f7480000,0x00000000f8080000)
  to   space 20992K, 0% used [0x00000000f5780000,0x00000000f5780000,0x00000000f6c00000)
 ParOldGen       total 125952K, used 30098K [0x00000000a0000000, 0x00000000a7b00000, 0x00000000e0000000)
  object space 125952K, 23% used [0x00000000a0000000,0x00000000a1d64a68,0x00000000a7b00000)
 Metaspace       used 57124K, capacity 59080K, committed 59160K, reserved 1099776K
  class space    used 7570K, capacity 7947K, committed 7960K, reserved 1048576K
}

Deoptimization events (10 events):
Event: 527.597 Thread 0x000000001b638800 Uncommon trap: reason=class_check action=maybe_recompile pc=0x00000000059d5d58 method=com.google.common.collect.AbstractMapBasedMultimap$WrappedCollection.refreshIfEmpty()V @ 59
Event: 527.597 Thread 0x000000001b638800 Uncommon trap: reason=class_check action=maybe_recompile pc=0x00000000059d5d58 method=com.google.common.collect.AbstractMapBasedMultimap$WrappedCollection.refreshIfEmpty()V @ 59
Event: 527.627 Thread 0x000000001b638800 Uncommon trap: reason=null_check action=make_not_entrant pc=0x0000000004b11b58 method=sun.nio.fs.NativeBuffers.getNativeBufferFromCache(I)Lsun/nio/fs/NativeBuffer; @ 6
Event: 527.628 Thread 0x000000001b638800 Uncommon trap: reason=null_check action=make_not_entrant pc=0x00000000060719d8 method=sun.nio.fs.NativeBuffers.getNativeBufferFromCache(I)Lsun/nio/fs/NativeBuffer; @ 6
Event: 527.628 Thread 0x000000001b638800 Uncommon trap: reason=null_check action=make_not_entrant pc=0x0000000004b14a04 method=sun.nio.fs.NativeBuffers.releaseNativeBuffer(Lsun/nio/fs/NativeBuffer;)V @ 6
Event: 527.759 Thread 0x000000001b638800 Uncommon trap: reason=unstable_if action=reinterpret pc=0x0000000005dc1640 method=org.gradle.cache.internal.btree.BTreePersistentIndexedCache$1.create(Ljava/lang/Class;)Ljava/lang/Object; @ 4
Event: 528.282 Thread 0x000000001b638800 Uncommon trap: reason=class_check action=maybe_recompile pc=0x00000000060f0b48 method=sun.nio.fs.WindowsPath.equals(Ljava/lang/Object;)Z @ 13
Event: 528.283 Thread 0x000000001b638800 Uncommon trap: reason=class_check action=maybe_recompile pc=0x00000000060f0b48 method=sun.nio.fs.WindowsPath.equals(Ljava/lang/Object;)Z @ 13
Event: 528.285 Thread 0x000000001b638800 Uncommon trap: reason=class_check action=maybe_recompile pc=0x00000000060f0b48 method=sun.nio.fs.WindowsPath.equals(Ljava/lang/Object;)Z @ 13
Event: 528.286 Thread 0x000000001b638800 Uncommon trap: reason=class_check action=maybe_recompile pc=0x00000000060f0b48 method=sun.nio.fs.WindowsPath.equals(Ljava/lang/Object;)Z @ 13

Internal exceptions (10 events):
Event: 22.903 Thread 0x000000001aff8800 Exception <a 'java/lang/NoSuchMethodError': <clinit>> (0x00000000e5bf99b0) thrown at [C:\src\android\AOSP-openjdk\external\jetbrains\jdk\hotspot\src\share\vm\prims\jni.cpp, line 1613]
Event: 22.904 Thread 0x000000001aff8800 Exception <a 'java/lang/NoSuchMethodError': <clinit>> (0x00000000e5c030e0) thrown at [C:\src\android\AOSP-openjdk\external\jetbrains\jdk\hotspot\src\share\vm\prims\jni.cpp, line 1613]
Event: 22.904 Thread 0x000000001aff8800 Exception <a 'java/lang/NoSuchMethodError': <clinit>> (0x00000000e5c04f28) thrown at [C:\src\android\AOSP-openjdk\external\jetbrains\jdk\hotspot\src\share\vm\prims\jni.cpp, line 1613]
Event: 22.910 Thread 0x000000001affb000 Exception <a 'java/lang/NoSuchMethodError': <clinit>> (0x00000000e62722b0) thrown at [C:\src\android\AOSP-openjdk\external\jetbrains\jdk\hotspot\src\share\vm\prims\jni.cpp, line 1613]
Event: 524.763 Thread 0x000000001b638800 Exception <a 'java/lang/ClassNotFoundException': asLocalRepo835_fsnp7p0tapzoedaljq0p1imzBeanInfo> (0x00000000e71fac70) thrown at [C:\src\android\AOSP-openjdk\external\jetbrains\jdk\hotspot\src\share\vm\classfile\systemDictionary.cpp, line 210]
Event: 524.764 Thread 0x000000001b638800 Exception <a 'java/lang/ClassNotFoundException': asLocalRepo835_fsnp7p0tapzoedaljq0p1imzCustomizer> (0x00000000e7205bf8) thrown at [C:\src\android\AOSP-openjdk\external\jetbrains\jdk\hotspot\src\share\vm\classfile\systemDictionary.cpp, line 210]
Event: 526.435 Thread 0x000000001b638800 Exception <a 'java/lang/reflect/InvocationTargetException'> (0x00000000e27727a0) thrown at [C:\src\android\AOSP-openjdk\external\jetbrains\jdk\hotspot\src\share\vm\runtime\reflection.cpp, line 1092]
Event: 527.627 Thread 0x000000001b638800 Implicit null exception at 0x0000000004b11a12 to 0x0000000004b11b49
Event: 527.628 Thread 0x000000001b638800 Implicit null exception at 0x000000000607164d to 0x00000000060719b5
Event: 527.628 Thread 0x000000001b638800 Implicit null exception at 0x0000000004b14852 to 0x0000000004b149f5

Events (10 events):
Event: 528.282 Thread 0x000000001b638800 DEOPT UNPACKING pc=0x000000000490556a sp=0x00000000252cc2f0 mode 2
Event: 528.283 Thread 0x000000001b638800 Uncommon trap: trap_request=0xffffffde fr.pc=0x00000000060f0b48
Event: 528.283 Thread 0x000000001b638800 DEOPT PACKING pc=0x00000000060f0b48 sp=0x00000000252cc550
Event: 528.283 Thread 0x000000001b638800 DEOPT UNPACKING pc=0x000000000490556a sp=0x00000000252cc2f0 mode 2
Event: 528.285 Thread 0x000000001b638800 Uncommon trap: trap_request=0xffffffde fr.pc=0x00000000060f0b48
Event: 528.285 Thread 0x000000001b638800 DEOPT PACKING pc=0x00000000060f0b48 sp=0x00000000252cc550
Event: 528.285 Thread 0x000000001b638800 DEOPT UNPACKING pc=0x000000000490556a sp=0x00000000252cc2f0 mode 2
Event: 528.286 Thread 0x000000001b638800 Uncommon trap: trap_request=0xffffffde fr.pc=0x00000000060f0b48
Event: 528.286 Thread 0x000000001b638800 DEOPT PACKING pc=0x00000000060f0b48 sp=0x00000000252cc550
Event: 528.286 Thread 0x000000001b638800 DEOPT UNPACKING pc=0x000000000490556a sp=0x00000000252cc2f0 mode 2


Dynamic libraries:
0x00007ff7e3480000 - 0x00007ff7e34b1000 	C:\Program Files\Android\Android Studio\jre\bin\java.exe
0x00007ffe24b80000 - 0x00007ffe24d60000 	C:\WINDOWS\SYSTEM32\ntdll.dll
0x00007ffe228c0000 - 0x00007ffe2296e000 	C:\WINDOWS\System32\KERNEL32.DLL
0x00007ffe211d0000 - 0x00007ffe21436000 	C:\WINDOWS\System32\KERNELBASE.dll
0x00007ffe22050000 - 0x00007ffe220f1000 	C:\WINDOWS\System32\ADVAPI32.dll
0x00007ffe241c0000 - 0x00007ffe2425d000 	C:\WINDOWS\System32\msvcrt.dll
0x00007ffe22860000 - 0x00007ffe228bb000 	C:\WINDOWS\System32\sechost.dll
0x00007ffe22740000 - 0x00007ffe2285f000 	C:\WINDOWS\System32\RPCRT4.dll
0x00007ffe221a0000 - 0x00007ffe2232f000 	C:\WINDOWS\System32\USER32.dll
0x00007ffe21730000 - 0x00007ffe21750000 	C:\WINDOWS\System32\win32u.dll
0x00007ffe22710000 - 0x00007ffe22738000 	C:\WINDOWS\System32\GDI32.dll
0x00007ffe20f80000 - 0x00007ffe21113000 	C:\WINDOWS\System32\gdi32full.dll
0x00007ffe21690000 - 0x00007ffe2172b000 	C:\WINDOWS\System32\msvcp_win.dll
0x00007ffe21ef0000 - 0x00007ffe21fe6000 	C:\WINDOWS\System32\ucrtbase.dll
0x00007ffe14a20000 - 0x00007ffe14c89000 	C:\WINDOWS\WinSxS\amd64_microsoft.windows.common-controls_6595b64144ccf1df_6.0.16299.125_none_15cbcf8893620c09\COMCTL32.dll
0x00007ffe24390000 - 0x00007ffe24698000 	C:\WINDOWS\System32\combase.dll
0x00007ffe21610000 - 0x00007ffe21682000 	C:\WINDOWS\System32\bcryptPrimitives.dll
0x00007ffe22970000 - 0x00007ffe2299d000 	C:\WINDOWS\System32\IMM32.DLL
0x000000006b800000 - 0x000000006b8d2000 	C:\Program Files\Android\Android Studio\jre\jre\bin\msvcr100.dll
0x0000000069bd0000 - 0x000000006a40c000 	C:\Program Files\Android\Android Studio\jre\jre\bin\server\jvm.dll
0x00007ffe22b10000 - 0x00007ffe22b18000 	C:\WINDOWS\System32\PSAPI.DLL
0x00007ffe15500000 - 0x00007ffe15509000 	C:\WINDOWS\SYSTEM32\WSOCK32.dll
0x00007ffe242c0000 - 0x00007ffe2432c000 	C:\WINDOWS\System32\WS2_32.dll
0x00007ffe1e570000 - 0x00007ffe1e593000 	C:\WINDOWS\SYSTEM32\WINMM.dll
0x00007ffe13100000 - 0x00007ffe1310a000 	C:\WINDOWS\SYSTEM32\VERSION.dll
0x00007ffe1e400000 - 0x00007ffe1e42a000 	C:\WINDOWS\SYSTEM32\WINMMBASE.dll
0x00007ffe21ea0000 - 0x00007ffe21eea000 	C:\WINDOWS\System32\cfgmgr32.dll
0x00007ffe176f0000 - 0x00007ffe176ff000 	C:\Program Files\Android\Android Studio\jre\jre\bin\verify.dll
0x00007ffe0dfd0000 - 0x00007ffe0dff9000 	C:\Program Files\Android\Android Studio\jre\jre\bin\java.dll
0x00007ffe0eb50000 - 0x00007ffe0eb66000 	C:\Program Files\Android\Android Studio\jre\jre\bin\zip.dll
0x00007ffe22b20000 - 0x00007ffe23f56000 	C:\WINDOWS\System32\SHELL32.dll
0x00007ffe224b0000 - 0x00007ffe22556000 	C:\WINDOWS\System32\shcore.dll
0x00007ffe21750000 - 0x00007ffe21e97000 	C:\WINDOWS\System32\windows.storage.dll
0x00007ffe24af0000 - 0x00007ffe24b41000 	C:\WINDOWS\System32\shlwapi.dll
0x00007ffe20f60000 - 0x00007ffe20f71000 	C:\WINDOWS\System32\kernel.appcore.dll
0x00007ffe20f10000 - 0x00007ffe20f5c000 	C:\WINDOWS\System32\powrprof.dll
0x00007ffe20ed0000 - 0x00007ffe20eeb000 	C:\WINDOWS\System32\profapi.dll
0x00007ffe0a3e0000 - 0x00007ffe0a3fa000 	C:\Program Files\Android\Android Studio\jre\jre\bin\net.dll
0x00007ffe20700000 - 0x00007ffe20766000 	C:\WINDOWS\system32\mswsock.dll
0x00007ffe08ff0000 - 0x00007ffe09001000 	C:\Program Files\Android\Android Studio\jre\jre\bin\nio.dll
0x00007ffe08820000 - 0x00007ffe0883e000 	C:\Users\mxw13\.gradle\native\23\windows-amd64\native-platform.dll
0x00007ffe208c0000 - 0x00007ffe208d7000 	C:\WINDOWS\SYSTEM32\CRYPTSP.dll
0x00007ffe20310000 - 0x00007ffe20343000 	C:\WINDOWS\system32\rsaenh.dll
0x00007ffe209d0000 - 0x00007ffe209f5000 	C:\WINDOWS\SYSTEM32\bcrypt.dll
0x00007ffe20e00000 - 0x00007ffe20e29000 	C:\WINDOWS\SYSTEM32\USERENV.dll
0x00007ffe208e0000 - 0x00007ffe208eb000 	C:\WINDOWS\SYSTEM32\CRYPTBASE.dll
0x00007ffe20490000 - 0x00007ffe204c9000 	C:\WINDOWS\SYSTEM32\IPHLPAPI.DLL
0x00007ffe22560000 - 0x00007ffe22568000 	C:\WINDOWS\System32\NSI.dll
0x00007ffe1a780000 - 0x00007ffe1a796000 	C:\WINDOWS\SYSTEM32\dhcpcsvc6.DLL
0x00007ffe1ab30000 - 0x00007ffe1ab4a000 	C:\WINDOWS\SYSTEM32\dhcpcsvc.DLL
0x00007ffe17680000 - 0x00007ffe1768d000 	C:\Program Files\Android\Android Studio\jre\jre\bin\management.dll
0x00007ffe07b30000 - 0x00007ffe07b54000 	C:\Program Files\Android\Android Studio\jre\jre\bin\sunec.dll
0x00007ffe15060000 - 0x00007ffe1506b000 	C:\Program Files\Android\Android Studio\jre\jre\bin\sunmscapi.dll
0x00007ffe21440000 - 0x00007ffe2160e000 	C:\WINDOWS\System32\CRYPT32.dll
0x00007ffe20ef0000 - 0x00007ffe20f02000 	C:\WINDOWS\System32\MSASN1.dll

VM Arguments:
jvm_args: -Xmx1536m -Dfile.encoding=windows-1252 -Duser.country=US -Duser.language=en -Duser.variant 
java_command: org.gradle.launcher.daemon.bootstrap.GradleDaemon 3.3
java_class_path (initial): C:\Users\mxw13\.gradle\wrapper\dists\gradle-3.3-all\55gk2rcmfc6p2dg9u9ohc3hw9\gradle-3.3\lib\gradle-launcher-3.3.jar
Launcher Type: SUN_STANDARD

Environment Variables:
PATH=C:\ProgramData\Oracle\Java\javapath;C:\WINDOWS\system32;C:\WINDOWS;C:\WINDOWS\System32\Wbem;C:\WINDOWS\System32\WindowsPowerShell\v1.0\;C:\Program Files\Microsoft SQL Server\130\Tools\Binn\;C:\Program Files\dotnet\;C:\Program Files\Git\cmd;C:\Program Files (x86)\GtkSharp\2.12\bin;C:\Users\mxw13\AppData\Local\Microsoft\WindowsApps;
USERNAME=mxw13
OS=Windows_NT
PROCESSOR_IDENTIFIER=Intel64 Family 6 Model 78 Stepping 3, GenuineIntel



---------------  S Y S T E M  ---------------

OS: Windows 10.0 , 64 bit Build 16299 (10.0.16299.15)

CPU:total 4 (2 cores per cpu, 2 threads per core) family 6 model 78 stepping 3, cmov, cx8, fxsr, mmx, sse, sse2, sse3, ssse3, sse4.1, sse4.2, popcnt, avx, avx2, aes, clmul, erms, 3dnowpref, lzcnt, ht, tsc, tscinvbit, bmi1, bmi2, adx

Memory: 4k page, physical 8299936k(478940k free), swap 23654324k(4516k free)

vm_info: OpenJDK 64-Bit Server VM (25.112-b06) for windows-amd64 JRE (1.8.0_112-release-b06), built on Dec  8 2016 00:54:26 by "builder" with MS VC++ 10.0 (VS2010)

time: Tue Feb 20 03:45:27 2018
elapsed time: 528 seconds (0d 0h 8m 48s)

